<?xml version="1.0" encoding="UTF-8"?>
<!-- Generated by org.testng.reporters.JUnitXMLReporter -->
<testsuite hostname="CMDC02WJR2" ignored="0" tests="1" failures="1" timestamp="2020-03-16T15:38:55 GMT" time="10.637" errors="0">
  <testcase name="Launch" time="0.009" classname="TestNgBasic">
    <failure type="java.lang.NullPointerException">
      <![CDATA[java.lang.NullPointerException
at TestNgBasic.Launch(TestNgBasic.java:57)
at java.util.ArrayList.forEach(Unknown Source)
... Removed 27 stack frames]]>
    </failure>
  </testcase> <!-- Launch -->
</testsuite>
