<?xml version="1.0" encoding="UTF-8"?>
<testng-results skipped="0" failed="0" ignored="0" total="2" passed="2">
  <reporter-output>
  </reporter-output>
  <suite name="Default suite" duration-ms="46108" started-at="2020-03-23T14:14:50 GMT" finished-at="2020-03-23T14:15:37 GMT">
    <groups>
    </groups>
    <test name="Default test" duration-ms="46108" started-at="2020-03-23T14:14:50 GMT" finished-at="2020-03-23T14:15:37 GMT">
      <class name="com.TestNgData.TestNgDataRead">
        <test-method status="PASS" signature="Setup()[pri:0, instance:com.TestNgData.TestNgDataRead@614ddd49]" name="Setup" is-config="true" duration-ms="14752" started-at="2020-03-23T14:14:51 GMT" finished-at="2020-03-23T14:15:06 GMT">
          <reporter-output>
          </reporter-output>
        </test-method> <!-- Setup -->
        <test-method status="PASS" signature="logintest(java.lang.String, java.lang.String)[pri:0, instance:com.TestNgData.TestNgDataRead@614ddd49]" name="logintest" duration-ms="7534" started-at="2020-03-23T14:15:06 GMT" data-provider="getTestData" finished-at="2020-03-23T14:15:13 GMT">
          <params>
            <param index="0">
              <value>
                <![CDATA[Ravi]]>
              </value>
            </param>
            <param index="1">
              <value>
                <![CDATA[Kakkereni]]>
              </value>
            </param>
          </params>
          <reporter-output>
          </reporter-output>
        </test-method> <!-- logintest -->
        <test-method status="PASS" signature="teardown()[pri:0, instance:com.TestNgData.TestNgDataRead@614ddd49]" name="teardown" is-config="true" duration-ms="837" started-at="2020-03-23T14:15:13 GMT" finished-at="2020-03-23T14:15:14 GMT">
          <reporter-output>
          </reporter-output>
        </test-method> <!-- teardown -->
        <test-method status="PASS" signature="Setup()[pri:0, instance:com.TestNgData.TestNgDataRead@614ddd49]" name="Setup" is-config="true" duration-ms="14148" started-at="2020-03-23T14:15:14 GMT" finished-at="2020-03-23T14:15:28 GMT">
          <reporter-output>
          </reporter-output>
        </test-method> <!-- Setup -->
        <test-method status="PASS" signature="logintest(java.lang.String, java.lang.String)[pri:0, instance:com.TestNgData.TestNgDataRead@614ddd49]" name="logintest" duration-ms="7487" started-at="2020-03-23T14:15:28 GMT" data-provider="getTestData" finished-at="2020-03-23T14:15:36 GMT">
          <params>
            <param index="0">
              <value>
                <![CDATA[Sai]]>
              </value>
            </param>
            <param index="1">
              <value>
                <![CDATA[Ram]]>
              </value>
            </param>
          </params>
          <reporter-output>
          </reporter-output>
        </test-method> <!-- logintest -->
        <test-method status="PASS" signature="teardown()[pri:0, instance:com.TestNgData.TestNgDataRead@614ddd49]" name="teardown" is-config="true" duration-ms="835" started-at="2020-03-23T14:15:36 GMT" finished-at="2020-03-23T14:15:37 GMT">
          <reporter-output>
          </reporter-output>
        </test-method> <!-- teardown -->
      </class> <!-- com.TestNgData.TestNgDataRead -->
    </test> <!-- Default test -->
  </suite> <!-- Default suite -->
</testng-results>
